<?xml version="1.0" encoding="UTF-8"?>
<!-- Generated by org.testng.reporters.JUnitReportReporter -->
<testsuite skipped="0" hostname="LAPTOP-B8LGFVPS" name="testRun.PracticeTest" tests="2" failures="0" timestamp="01 Dec 2020 01:24:32 GMT" time="28.189" errors="0">
  <testcase name="ourFirstTest" time="26.630" classname="testRun.PracticeTest"/>
  <testcase name="test2" time="1.559" classname="testRun.PracticeTest"/>
</testsuite> <!-- testRun.PracticeTest -->
