<?xml version="1.0" encoding="UTF-8"?>
<!-- Generated by org.testng.reporters.JUnitReportReporter -->
<testsuite skipped="0" hostname="LAPTOP-B8LGFVPS" name="practice.HookPractice2" tests="3" failures="0" timestamp="01 Dec 2020 01:25:22 GMT" time="0.045" errors="0">
  <testcase name="test3" time="0.007" classname="practice.HookPractice2"/>
  <testcase name="test5" time="0.005" classname="practice.HookPractice2"/>
  <testcase name="test1" time="0.033" classname="practice.HookPractice2"/>
</testsuite> <!-- practice.HookPractice2 -->
